     3     0.000000000000000e+00
    59     2.000000000005546e-01
    58     4.000000000011097e-01
    57     6.000000000016645e-01
    56     8.000000000022192e-01
    55     1.000000000002752e+00
    54     1.200000000002219e+00
    53     1.400000000001664e+00
    52     1.600000000001110e+00
    51     1.800000000000555e+00
     4     2.000000000000000e+00
    50     2.200000000000554e+00
    49     2.400000000001110e+00
    48     2.600000000001665e+00
    47     2.800000000002219e+00
    46     3.000000000002752e+00
    45     3.200000000002219e+00
    44     3.400000000001664e+00
    43     3.600000000001110e+00
    42     3.800000000000555e+00
     1     4.000000000000000e+00
    41     4.200000000000554e+00
    40     4.400000000001110e+00
    39     4.600000000001664e+00
    38     4.800000000002219e+00
    37     5.000000000002752e+00
    36     5.200000000002220e+00
    35     5.400000000001665e+00
    34     5.600000000001110e+00
    33     5.800000000000555e+00
     2     6.000000000000000e+00
