     3     0.000000000000000e+00
   214     5.000000000013860e-02
   213     1.000000000002774e-01
   212     1.500000000004160e-01
   211     2.000000000005546e-01
   210     2.500000000006934e-01
   209     3.000000000008320e-01
   208     3.500000000009709e-01
   207     4.000000000011097e-01
   206     4.500000000012485e-01
   205     5.000000000013871e-01
   204     5.500000000015257e-01
   203     6.000000000016645e-01
   202     6.500000000018031e-01
   201     7.000000000019417e-01
   200     7.500000000020806e-01
   199     8.000000000022192e-01
   198     8.500000000023580e-01
   197     9.000000000024966e-01
   196     9.500000000026352e-01
   195     1.000000000002752e+00
   194     1.050000000002635e+00
   193     1.100000000002496e+00
   192     1.150000000002358e+00
   191     1.200000000002219e+00
   190     1.250000000002081e+00
   189     1.300000000001942e+00
   188     1.350000000001803e+00
   187     1.400000000001664e+00
   186     1.450000000001526e+00
   185     1.500000000001387e+00
   184     1.550000000001248e+00
   183     1.600000000001110e+00
   182     1.650000000000971e+00
   181     1.700000000000832e+00
   180     1.750000000000693e+00
   179     1.800000000000555e+00
   178     1.850000000000416e+00
   177     1.900000000000277e+00
   176     1.950000000000139e+00
     4     2.000000000000000e+00
   175     2.050000000000138e+00
   174     2.100000000000278e+00
   173     2.150000000000416e+00
   172     2.200000000000554e+00
   171     2.250000000000694e+00
   170     2.300000000000832e+00
   169     2.350000000000971e+00
   168     2.400000000001110e+00
   167     2.450000000001249e+00
   166     2.500000000001387e+00
   165     2.550000000001526e+00
   164     2.600000000001665e+00
   163     2.650000000001803e+00
   162     2.700000000001942e+00
   161     2.750000000002081e+00
   160     2.800000000002219e+00
   159     2.850000000002358e+00
   158     2.900000000002497e+00
   157     2.950000000002635e+00
   156     3.000000000002752e+00
   155     3.050000000002635e+00
   154     3.100000000002496e+00
   153     3.150000000002358e+00
   152     3.200000000002219e+00
   151     3.250000000002081e+00
   150     3.300000000001942e+00
   149     3.350000000001803e+00
   148     3.400000000001664e+00
   147     3.450000000001526e+00
   146     3.500000000001387e+00
   145     3.550000000001248e+00
   144     3.600000000001110e+00
   143     3.650000000000971e+00
   142     3.700000000000832e+00
   141     3.750000000000694e+00
   140     3.800000000000555e+00
   139     3.850000000000416e+00
   138     3.900000000000277e+00
   137     3.950000000000139e+00
     1     4.000000000000000e+00
   136     4.050000000000138e+00
   135     4.100000000000278e+00
   134     4.150000000000416e+00
   133     4.200000000000554e+00
   132     4.250000000000694e+00
   131     4.300000000000832e+00
   130     4.350000000000971e+00
   129     4.400000000001110e+00
   128     4.450000000001248e+00
   127     4.500000000001387e+00
   126     4.550000000001526e+00
   125     4.600000000001664e+00
   124     4.650000000001803e+00
   123     4.700000000001942e+00
   122     4.750000000002080e+00
   121     4.800000000002219e+00
   120     4.850000000002358e+00
   119     4.900000000002496e+00
   118     4.950000000002635e+00
   117     5.000000000002752e+00
   116     5.050000000002635e+00
   115     5.100000000002496e+00
   114     5.150000000002358e+00
   113     5.200000000002220e+00
   112     5.250000000002080e+00
   111     5.300000000001942e+00
   110     5.350000000001803e+00
   109     5.400000000001665e+00
   108     5.450000000001525e+00
   107     5.500000000001387e+00
   106     5.550000000001248e+00
   105     5.600000000001110e+00
   104     5.650000000000971e+00
   103     5.700000000000832e+00
   102     5.750000000000694e+00
   101     5.800000000000555e+00
   100     5.850000000000416e+00
    99     5.900000000000277e+00
    98     5.950000000000139e+00
     2     6.000000000000000e+00
