     3     0.000000000000000e+00
   834     1.250000000003482e-02
   833     2.500000000006919e-02
   832     3.750000000010401e-02
   831     5.000000000013860e-02
   830     6.250000000017342e-02
   829     7.500000000020823e-02
   828     8.750000000024261e-02
   827     1.000000000002774e-01
   826     1.125000000003120e-01
   825     1.250000000003468e-01
   824     1.375000000003817e-01
   823     1.500000000004160e-01
   822     1.625000000004508e-01
   821     1.750000000004852e-01
   820     1.875000000005200e-01
   819     2.000000000005546e-01
   818     2.125000000005894e-01
   817     2.250000000006243e-01
   816     2.375000000006586e-01
   815     2.500000000006934e-01
   814     2.625000000007280e-01
   813     2.750000000007629e-01
   812     2.875000000007977e-01
   811     3.000000000008320e-01
   810     3.125000000008669e-01
   809     3.250000000009012e-01
   808     3.375000000009361e-01
   807     3.500000000009709e-01
   806     3.625000000010055e-01
   805     3.750000000010403e-01
   804     3.875000000010747e-01
   803     4.000000000011097e-01
   802     4.125000000011443e-01
   801     4.250000000011789e-01
   800     4.375000000012137e-01
   799     4.500000000012485e-01
   798     4.625000000012831e-01
   797     4.750000000013177e-01
   796     4.875000000013523e-01
   795     5.000000000013871e-01
   794     5.125000000014217e-01
   793     5.250000000014565e-01
   792     5.375000000014911e-01
   791     5.500000000015257e-01
   790     5.625000000015603e-01
   789     5.750000000015951e-01
   788     5.875000000016297e-01
   787     6.000000000016645e-01
   786     6.125000000016991e-01
   785     6.250000000017337e-01
   784     6.375000000017685e-01
   783     6.500000000018031e-01
   782     6.625000000018377e-01
   781     6.750000000018725e-01
   780     6.875000000019071e-01
   779     7.000000000019417e-01
   778     7.125000000019766e-01
   777     7.250000000020111e-01
   776     7.375000000020457e-01
   775     7.500000000020806e-01
   774     7.625000000021152e-01
   773     7.750000000021500e-01
   772     7.875000000021846e-01
   771     8.000000000022192e-01
   770     8.125000000022538e-01
   769     8.250000000022886e-01
   768     8.375000000023234e-01
   767     8.500000000023580e-01
   766     8.625000000023926e-01
   765     8.750000000024272e-01
   764     8.875000000024618e-01
   763     9.000000000024966e-01
   762     9.125000000025314e-01
   761     9.250000000025660e-01
   760     9.375000000026006e-01
   759     9.500000000026352e-01
   758     9.625000000026698e-01
   757     9.750000000027046e-01
   756     9.875000000027350e-01
   755     1.000000000002752e+00
   754     1.012500000002735e+00
   753     1.025000000002704e+00
   752     1.037500000002670e+00
   751     1.050000000002635e+00
   750     1.062500000002601e+00
   749     1.075000000002566e+00
   748     1.087500000002531e+00
   747     1.100000000002496e+00
   746     1.112500000002462e+00
   745     1.125000000002427e+00
   744     1.137500000002392e+00
   743     1.150000000002358e+00
   742     1.162500000002323e+00
   741     1.175000000002289e+00
   740     1.187500000002254e+00
   739     1.200000000002219e+00
   738     1.212500000002184e+00
   737     1.225000000002150e+00
   736     1.237500000002115e+00
   735     1.250000000002081e+00
   734     1.262500000002046e+00
   733     1.275000000002011e+00
   732     1.287500000001977e+00
   731     1.300000000001942e+00
   730     1.312500000001907e+00
   729     1.325000000001872e+00
   728     1.337500000001838e+00
   727     1.350000000001803e+00
   726     1.362500000001768e+00
   725     1.375000000001734e+00
   724     1.387500000001699e+00
   723     1.400000000001664e+00
   722     1.412500000001630e+00
   721     1.425000000001595e+00
   720     1.437500000001560e+00
   719     1.450000000001526e+00
   718     1.462500000001491e+00
   717     1.475000000001456e+00
   716     1.487500000001422e+00
   715     1.500000000001387e+00
   714     1.512500000001352e+00
   713     1.525000000001318e+00
   712     1.537500000001283e+00
   711     1.550000000001248e+00
   710     1.562500000001214e+00
   709     1.575000000001179e+00
   708     1.587500000001144e+00
   707     1.600000000001110e+00
   706     1.612500000001075e+00
   705     1.625000000001040e+00
   704     1.637500000001006e+00
   703     1.650000000000971e+00
   702     1.662500000000936e+00
   701     1.675000000000902e+00
   700     1.687500000000867e+00
   699     1.700000000000832e+00
   698     1.712500000000797e+00
   697     1.725000000000763e+00
   696     1.737500000000728e+00
   695     1.750000000000693e+00
   694     1.762500000000659e+00
   693     1.775000000000624e+00
   692     1.787500000000589e+00
   691     1.800000000000555e+00
   690     1.812500000000520e+00
   689     1.825000000000486e+00
   688     1.837500000000451e+00
   687     1.850000000000416e+00
   686     1.862500000000381e+00
   685     1.875000000000347e+00
   684     1.887500000000312e+00
   683     1.900000000000277e+00
   682     1.912500000000243e+00
   681     1.925000000000208e+00
   680     1.937500000000173e+00
   679     1.950000000000139e+00
   678     1.962500000000104e+00
   677     1.975000000000069e+00
   676     1.987500000000035e+00
     4     2.000000000000000e+00
   675     2.012500000000035e+00
   674     2.025000000000069e+00
   673     2.037500000000104e+00
   672     2.050000000000138e+00
   671     2.062500000000173e+00
   670     2.075000000000208e+00
   669     2.087500000000243e+00
   668     2.100000000000278e+00
   667     2.112500000000312e+00
   666     2.125000000000347e+00
   665     2.137500000000382e+00
   664     2.150000000000416e+00
   663     2.162500000000451e+00
   662     2.175000000000485e+00
   661     2.187500000000520e+00
   660     2.200000000000554e+00
   659     2.212500000000589e+00
   658     2.225000000000624e+00
   657     2.237500000000659e+00
   656     2.250000000000694e+00
   655     2.262500000000728e+00
   654     2.275000000000763e+00
   653     2.287500000000798e+00
   652     2.300000000000832e+00
   651     2.312500000000867e+00
   650     2.325000000000901e+00
   649     2.337500000000936e+00
   648     2.350000000000971e+00
   647     2.362500000001005e+00
   646     2.375000000001040e+00
   645     2.387500000001075e+00
   644     2.400000000001110e+00
   643     2.412500000001145e+00
   642     2.425000000001179e+00
   641     2.437500000001214e+00
   640     2.450000000001249e+00
   639     2.462500000001283e+00
   638     2.475000000001318e+00
   637     2.487500000001353e+00
   636     2.500000000001387e+00
   635     2.512500000001422e+00
   634     2.525000000001457e+00
   633     2.537500000001491e+00
   632     2.550000000001526e+00
   631     2.562500000001561e+00
   630     2.575000000001595e+00
   629     2.587500000001630e+00
   628     2.600000000001665e+00
   627     2.612500000001699e+00
   626     2.625000000001734e+00
   625     2.637500000001769e+00
   624     2.650000000001803e+00
   623     2.662500000001838e+00
   622     2.675000000001873e+00
   621     2.687500000001907e+00
   620     2.700000000001942e+00
   619     2.712500000001977e+00
   618     2.725000000002011e+00
   617     2.737500000002046e+00
   616     2.750000000002081e+00
   615     2.762500000002115e+00
   614     2.775000000002150e+00
   613     2.787500000002185e+00
   612     2.800000000002219e+00
   611     2.812500000002254e+00
   610     2.825000000002289e+00
   609     2.837500000002323e+00
   608     2.850000000002358e+00
   607     2.862500000002393e+00
   606     2.875000000002427e+00
   605     2.887500000002462e+00
   604     2.900000000002497e+00
   603     2.912500000002531e+00
   602     2.925000000002566e+00
   601     2.937500000002601e+00
   600     2.950000000002635e+00
   599     2.962500000002670e+00
   598     2.975000000002705e+00
   597     2.987500000002735e+00
   596     3.000000000002752e+00
   595     3.012500000002735e+00
   594     3.025000000002704e+00
   593     3.037500000002670e+00
   592     3.050000000002635e+00
   591     3.062500000002601e+00
   590     3.075000000002566e+00
   589     3.087500000002531e+00
   588     3.100000000002496e+00
   587     3.112500000002462e+00
   586     3.125000000002427e+00
   585     3.137500000002392e+00
   584     3.150000000002358e+00
   583     3.162500000002323e+00
   582     3.175000000002289e+00
   581     3.187500000002254e+00
   580     3.200000000002219e+00
   579     3.212500000002184e+00
   578     3.225000000002150e+00
   577     3.237500000002115e+00
   576     3.250000000002081e+00
   575     3.262500000002046e+00
   574     3.275000000002011e+00
   573     3.287500000001977e+00
   572     3.300000000001942e+00
   571     3.312500000001907e+00
   570     3.325000000001872e+00
   569     3.337500000001838e+00
   568     3.350000000001803e+00
   567     3.362500000001768e+00
   566     3.375000000001734e+00
   565     3.387500000001699e+00
   564     3.400000000001664e+00
   563     3.412500000001629e+00
   562     3.425000000001595e+00
   561     3.437500000001561e+00
   560     3.450000000001526e+00
   559     3.462500000001491e+00
   558     3.475000000001456e+00
   557     3.487500000001422e+00
   556     3.500000000001387e+00
   555     3.512500000001352e+00
   554     3.525000000001318e+00
   553     3.537500000001283e+00
   552     3.550000000001248e+00
   551     3.562500000001214e+00
   550     3.575000000001179e+00
   549     3.587500000001144e+00
   548     3.600000000001110e+00
   547     3.612500000001075e+00
   546     3.625000000001040e+00
   545     3.637500000001006e+00
   544     3.650000000000971e+00
   543     3.662500000000936e+00
   542     3.675000000000901e+00
   541     3.687500000000867e+00
   540     3.700000000000832e+00
   539     3.712500000000797e+00
   538     3.725000000000763e+00
   537     3.737500000000728e+00
   536     3.750000000000694e+00
   535     3.762500000000659e+00
   534     3.775000000000624e+00
   533     3.787500000000589e+00
   532     3.800000000000555e+00
   531     3.812500000000520e+00
   530     3.825000000000486e+00
   529     3.837500000000451e+00
   528     3.850000000000416e+00
   527     3.862500000000381e+00
   526     3.875000000000347e+00
   525     3.887500000000312e+00
   524     3.900000000000277e+00
   523     3.912500000000243e+00
   522     3.925000000000208e+00
   521     3.937500000000173e+00
   520     3.950000000000139e+00
   519     3.962500000000104e+00
   518     3.975000000000069e+00
   517     3.987500000000034e+00
     1     4.000000000000000e+00
   516     4.012500000000035e+00
   515     4.025000000000070e+00
   514     4.037500000000104e+00
   513     4.050000000000138e+00
   512     4.062500000000173e+00
   511     4.075000000000208e+00
   510     4.087500000000243e+00
   509     4.100000000000278e+00
   508     4.112500000000312e+00
   507     4.125000000000346e+00
   506     4.137500000000381e+00
   505     4.150000000000416e+00
   504     4.162500000000451e+00
   503     4.175000000000486e+00
   502     4.187500000000520e+00
   501     4.200000000000554e+00
   500     4.212500000000589e+00
   499     4.225000000000624e+00
   498     4.237500000000659e+00
   497     4.250000000000694e+00
   496     4.262500000000728e+00
   495     4.275000000000762e+00
   494     4.287500000000797e+00
   493     4.300000000000832e+00
   492     4.312500000000867e+00
   491     4.325000000000902e+00
   490     4.337500000000936e+00
   489     4.350000000000971e+00
   488     4.362500000001005e+00
   487     4.375000000001040e+00
   486     4.387500000001075e+00
   485     4.400000000001110e+00
   484     4.412500000001145e+00
   483     4.425000000001178e+00
   482     4.437500000001213e+00
   481     4.450000000001248e+00
   480     4.462500000001283e+00
   479     4.475000000001318e+00
   478     4.487500000001353e+00
   477     4.500000000001387e+00
   476     4.512500000001422e+00
   475     4.525000000001457e+00
   474     4.537500000001491e+00
   473     4.550000000001526e+00
   472     4.562500000001561e+00
   471     4.575000000001595e+00
   470     4.587500000001629e+00
   469     4.600000000001664e+00
   468     4.612500000001699e+00
   467     4.625000000001734e+00
   466     4.637500000001769e+00
   465     4.650000000001803e+00
   464     4.662500000001838e+00
   463     4.675000000001873e+00
   462     4.687500000001907e+00
   461     4.700000000001942e+00
   460     4.712500000001977e+00
   459     4.725000000002011e+00
   458     4.737500000002045e+00
   457     4.750000000002080e+00
   456     4.762500000002115e+00
   455     4.775000000002150e+00
   454     4.787500000002185e+00
   453     4.800000000002219e+00
   452     4.812500000002254e+00
   451     4.825000000002289e+00
   450     4.837500000002324e+00
   449     4.850000000002358e+00
   448     4.862500000002393e+00
   447     4.875000000002427e+00
   446     4.887500000002461e+00
   445     4.900000000002496e+00
   444     4.912500000002531e+00
   443     4.925000000002566e+00
   442     4.937500000002601e+00
   441     4.950000000002635e+00
   440     4.962500000002670e+00
   439     4.975000000002705e+00
   438     4.987500000002735e+00
   437     5.000000000002752e+00
   436     5.012500000002735e+00
   435     5.025000000002704e+00
   434     5.037500000002670e+00
   433     5.050000000002635e+00
   432     5.062500000002601e+00
   431     5.075000000002566e+00
   430     5.087500000002532e+00
   429     5.100000000002496e+00
   428     5.112500000002462e+00
   427     5.125000000002427e+00
   426     5.137500000002392e+00
   425     5.150000000002358e+00
   424     5.162500000002323e+00
   423     5.175000000002289e+00
   422     5.187500000002254e+00
   421     5.200000000002220e+00
   420     5.212500000002184e+00
   419     5.225000000002150e+00
   418     5.237500000002115e+00
   417     5.250000000002080e+00
   416     5.262500000002046e+00
   415     5.275000000002011e+00
   414     5.287500000001977e+00
   413     5.300000000001942e+00
   412     5.312500000001907e+00
   411     5.325000000001872e+00
   410     5.337500000001838e+00
   409     5.350000000001803e+00
   408     5.362500000001768e+00
   407     5.375000000001734e+00
   406     5.387500000001699e+00
   405     5.400000000001665e+00
   404     5.412500000001629e+00
   403     5.425000000001595e+00
   402     5.437500000001561e+00
   401     5.450000000001525e+00
   400     5.462500000001491e+00
   399     5.475000000001456e+00
   398     5.487500000001422e+00
   397     5.500000000001387e+00
   396     5.512500000001352e+00
   395     5.525000000001318e+00
   394     5.537500000001283e+00
   393     5.550000000001248e+00
   392     5.562500000001213e+00
   391     5.575000000001179e+00
   390     5.587500000001144e+00
   389     5.600000000001110e+00
   388     5.612500000001075e+00
   387     5.625000000001040e+00
   386     5.637500000001006e+00
   385     5.650000000000971e+00
   384     5.662500000000936e+00
   383     5.675000000000901e+00
   382     5.687500000000867e+00
   381     5.700000000000832e+00
   380     5.712500000000798e+00
   379     5.725000000000763e+00
   378     5.737500000000728e+00
   377     5.750000000000694e+00
   376     5.762500000000658e+00
   375     5.775000000000624e+00
   374     5.787500000000589e+00
   373     5.800000000000555e+00
   372     5.812500000000520e+00
   371     5.825000000000486e+00
   370     5.837500000000451e+00
   369     5.850000000000416e+00
   368     5.862500000000381e+00
   367     5.875000000000346e+00
   366     5.887500000000312e+00
   365     5.900000000000277e+00
   364     5.912500000000243e+00
   363     5.925000000000209e+00
   362     5.937500000000173e+00
   361     5.950000000000139e+00
   360     5.962500000000104e+00
   359     5.975000000000069e+00
   358     5.987500000000034e+00
     2     6.000000000000000e+00
