     3     0.000000000000000e+00
   110     1.000000000002774e-01
   109     2.000000000005546e-01
   108     3.000000000008320e-01
   107     4.000000000011097e-01
   106     5.000000000013871e-01
   105     6.000000000016645e-01
   104     7.000000000019417e-01
   103     8.000000000022192e-01
   102     9.000000000024966e-01
   101     1.000000000002752e+00
   100     1.100000000002496e+00
    99     1.200000000002219e+00
    98     1.300000000001942e+00
    97     1.400000000001664e+00
    96     1.500000000001387e+00
    95     1.600000000001110e+00
    94     1.700000000000832e+00
    93     1.800000000000555e+00
    92     1.900000000000277e+00
     4     2.000000000000000e+00
    91     2.100000000000278e+00
    90     2.200000000000554e+00
    89     2.300000000000832e+00
    88     2.400000000001110e+00
    87     2.500000000001387e+00
    86     2.600000000001665e+00
    85     2.700000000001942e+00
    84     2.800000000002219e+00
    83     2.900000000002497e+00
    82     3.000000000002752e+00
    81     3.100000000002496e+00
    80     3.200000000002219e+00
    79     3.300000000001942e+00
    78     3.400000000001664e+00
    77     3.500000000001387e+00
    76     3.600000000001110e+00
    75     3.700000000000832e+00
    74     3.800000000000555e+00
    73     3.900000000000277e+00
     1     4.000000000000000e+00
    72     4.100000000000278e+00
    71     4.200000000000554e+00
    70     4.300000000000832e+00
    69     4.400000000001110e+00
    68     4.500000000001387e+00
    67     4.600000000001664e+00
    66     4.700000000001942e+00
    65     4.800000000002219e+00
    64     4.900000000002496e+00
    63     5.000000000002752e+00
    62     5.100000000002496e+00
    61     5.200000000002220e+00
    60     5.300000000001942e+00
    59     5.400000000001665e+00
    58     5.500000000001387e+00
    57     5.600000000001110e+00
    56     5.700000000000832e+00
    55     5.800000000000555e+00
    54     5.900000000000277e+00
     2     6.000000000000000e+00
