     3     0.000000000000000e+00
   420     2.500000000006919e-02
   419     5.000000000013860e-02
   418     7.500000000020823e-02
   417     1.000000000002774e-01
   416     1.250000000003468e-01
   415     1.500000000004160e-01
   414     1.750000000004852e-01
   413     2.000000000005546e-01
   412     2.250000000006243e-01
   411     2.500000000006934e-01
   410     2.750000000007629e-01
   409     3.000000000008320e-01
   408     3.250000000009012e-01
   407     3.500000000009709e-01
   406     3.750000000010403e-01
   405     4.000000000011097e-01
   404     4.250000000011789e-01
   403     4.500000000012485e-01
   402     4.750000000013177e-01
   401     5.000000000013871e-01
   400     5.250000000014565e-01
   399     5.500000000015257e-01
   398     5.750000000015951e-01
   397     6.000000000016645e-01
   396     6.250000000017337e-01
   395     6.500000000018031e-01
   394     6.750000000018725e-01
   393     7.000000000019417e-01
   392     7.250000000020111e-01
   391     7.500000000020806e-01
   390     7.750000000021500e-01
   389     8.000000000022192e-01
   388     8.250000000022886e-01
   387     8.500000000023580e-01
   386     8.750000000024272e-01
   385     9.000000000024966e-01
   384     9.250000000025660e-01
   383     9.500000000026352e-01
   382     9.750000000027046e-01
   381     1.000000000002752e+00
   380     1.025000000002704e+00
   379     1.050000000002635e+00
   378     1.075000000002566e+00
   377     1.100000000002496e+00
   376     1.125000000002427e+00
   375     1.150000000002358e+00
   374     1.175000000002289e+00
   373     1.200000000002219e+00
   372     1.225000000002150e+00
   371     1.250000000002081e+00
   370     1.275000000002011e+00
   369     1.300000000001942e+00
   368     1.325000000001872e+00
   367     1.350000000001803e+00
   366     1.375000000001734e+00
   365     1.400000000001664e+00
   364     1.425000000001595e+00
   363     1.450000000001526e+00
   362     1.475000000001456e+00
   361     1.500000000001387e+00
   360     1.525000000001318e+00
   359     1.550000000001248e+00
   358     1.575000000001179e+00
   357     1.600000000001110e+00
   356     1.625000000001040e+00
   355     1.650000000000971e+00
   354     1.675000000000902e+00
   353     1.700000000000832e+00
   352     1.725000000000763e+00
   351     1.750000000000693e+00
   350     1.775000000000624e+00
   349     1.800000000000555e+00
   348     1.825000000000486e+00
   347     1.850000000000416e+00
   346     1.875000000000347e+00
   345     1.900000000000277e+00
   344     1.925000000000208e+00
   343     1.950000000000139e+00
   342     1.975000000000069e+00
     4     2.000000000000000e+00
   341     2.025000000000069e+00
   340     2.050000000000138e+00
   339     2.075000000000208e+00
   338     2.100000000000278e+00
   337     2.125000000000347e+00
   336     2.150000000000416e+00
   335     2.175000000000485e+00
   334     2.200000000000554e+00
   333     2.225000000000624e+00
   332     2.250000000000694e+00
   331     2.275000000000763e+00
   330     2.300000000000832e+00
   329     2.325000000000901e+00
   328     2.350000000000971e+00
   327     2.375000000001040e+00
   326     2.400000000001110e+00
   325     2.425000000001179e+00
   324     2.450000000001249e+00
   323     2.475000000001318e+00
   322     2.500000000001387e+00
   321     2.525000000001457e+00
   320     2.550000000001526e+00
   319     2.575000000001595e+00
   318     2.600000000001665e+00
   317     2.625000000001734e+00
   316     2.650000000001803e+00
   315     2.675000000001873e+00
   314     2.700000000001942e+00
   313     2.725000000002011e+00
   312     2.750000000002081e+00
   311     2.775000000002150e+00
   310     2.800000000002219e+00
   309     2.825000000002289e+00
   308     2.850000000002358e+00
   307     2.875000000002427e+00
   306     2.900000000002497e+00
   305     2.925000000002566e+00
   304     2.950000000002635e+00
   303     2.975000000002705e+00
   302     3.000000000002752e+00
   301     3.025000000002704e+00
   300     3.050000000002635e+00
   299     3.075000000002566e+00
   298     3.100000000002496e+00
   297     3.125000000002427e+00
   296     3.150000000002358e+00
   295     3.175000000002289e+00
   294     3.200000000002219e+00
   293     3.225000000002150e+00
   292     3.250000000002081e+00
   291     3.275000000002011e+00
   290     3.300000000001942e+00
   289     3.325000000001872e+00
   288     3.350000000001803e+00
   287     3.375000000001734e+00
   286     3.400000000001664e+00
   285     3.425000000001595e+00
   284     3.450000000001526e+00
   283     3.475000000001456e+00
   282     3.500000000001387e+00
   281     3.525000000001318e+00
   280     3.550000000001248e+00
   279     3.575000000001179e+00
   278     3.600000000001110e+00
   277     3.625000000001040e+00
   276     3.650000000000971e+00
   275     3.675000000000901e+00
   274     3.700000000000832e+00
   273     3.725000000000763e+00
   272     3.750000000000694e+00
   271     3.775000000000624e+00
   270     3.800000000000555e+00
   269     3.825000000000486e+00
   268     3.850000000000416e+00
   267     3.875000000000347e+00
   266     3.900000000000277e+00
   265     3.925000000000208e+00
   264     3.950000000000139e+00
   263     3.975000000000069e+00
     1     4.000000000000000e+00
   262     4.025000000000070e+00
   261     4.050000000000138e+00
   260     4.075000000000208e+00
   259     4.100000000000278e+00
   258     4.125000000000346e+00
   257     4.150000000000416e+00
   256     4.175000000000486e+00
   255     4.200000000000554e+00
   254     4.225000000000624e+00
   253     4.250000000000694e+00
   252     4.275000000000762e+00
   251     4.300000000000832e+00
   250     4.325000000000902e+00
   249     4.350000000000971e+00
   248     4.375000000001040e+00
   247     4.400000000001110e+00
   246     4.425000000001178e+00
   245     4.450000000001248e+00
   244     4.475000000001318e+00
   243     4.500000000001387e+00
   242     4.525000000001457e+00
   241     4.550000000001526e+00
   240     4.575000000001595e+00
   239     4.600000000001664e+00
   238     4.625000000001734e+00
   237     4.650000000001803e+00
   236     4.675000000001873e+00
   235     4.700000000001942e+00
   234     4.725000000002011e+00
   233     4.750000000002080e+00
   232     4.775000000002150e+00
   231     4.800000000002219e+00
   230     4.825000000002289e+00
   229     4.850000000002358e+00
   228     4.875000000002427e+00
   227     4.900000000002496e+00
   226     4.925000000002566e+00
   225     4.950000000002635e+00
   224     4.975000000002705e+00
   223     5.000000000002752e+00
   222     5.025000000002704e+00
   221     5.050000000002635e+00
   220     5.075000000002566e+00
   219     5.100000000002496e+00
   218     5.125000000002427e+00
   217     5.150000000002358e+00
   216     5.175000000002289e+00
   215     5.200000000002220e+00
   214     5.225000000002150e+00
   213     5.250000000002080e+00
   212     5.275000000002011e+00
   211     5.300000000001942e+00
   210     5.325000000001872e+00
   209     5.350000000001803e+00
   208     5.375000000001734e+00
   207     5.400000000001665e+00
   206     5.425000000001595e+00
   205     5.450000000001525e+00
   204     5.475000000001456e+00
   203     5.500000000001387e+00
   202     5.525000000001318e+00
   201     5.550000000001248e+00
   200     5.575000000001179e+00
   199     5.600000000001110e+00
   198     5.625000000001040e+00
   197     5.650000000000971e+00
   196     5.675000000000901e+00
   195     5.700000000000832e+00
   194     5.725000000000763e+00
   193     5.750000000000694e+00
   192     5.775000000000624e+00
   191     5.800000000000555e+00
   190     5.825000000000486e+00
   189     5.850000000000416e+00
   188     5.875000000000346e+00
   187     5.900000000000277e+00
   186     5.925000000000209e+00
   185     5.950000000000139e+00
   184     5.975000000000069e+00
     2     6.000000000000000e+00
